[debug] [2024-02-24T14:24:57.602Z] ----------------------------------------------------------------------
[debug] [2024-02-24T14:24:57.605Z] Command:       C:\Program Files\nodejs\node.exe C:\Users\Revaldy\AppData\Roaming\npm\node_modules\firebase-tools\lib\bin\firebase.js init
[debug] [2024-02-24T14:24:57.605Z] CLI Version:   13.3.1
[debug] [2024-02-24T14:24:57.606Z] Platform:      win32
[debug] [2024-02-24T14:24:57.606Z] Node Version:  v20.10.0
[debug] [2024-02-24T14:24:57.606Z] Time:          Sat Feb 24 2024 21:24:57 GMT+0700 (Western Indonesia Time)
[debug] [2024-02-24T14:24:57.606Z] ----------------------------------------------------------------------
[debug] 
[debug] [2024-02-24T14:24:57.614Z] > command requires scopes: ["email","openid","https://www.googleapis.com/auth/cloudplatformprojects.readonly","https://www.googleapis.com/auth/firebase","https://www.googleapis.com/auth/cloud-platform"]
[debug] [2024-02-24T14:24:57.614Z] > authorizing via signed-in user (raihanazura7@gmail.com)
[info] 
     ######## #### ########  ######## ########     ###     ######  ########
     ##        ##  ##     ## ##       ##     ##  ##   ##  ##       ##
     ######    ##  ########  ######   ########  #########  ######  ######
     ##        ##  ##    ##  ##       ##     ## ##     ##       ## ##
     ##       #### ##     ## ######## ########  ##     ##  ######  ########

You're about to initialize a Firebase project in this directory:

  C:\Users\Revaldy\Documents\MHS\Kuliah TI\sekeripsyi\project\sample\admin-panel-app

[info] 
=== Project Setup
[info] 
[info] First, let's associate this project directory with a Firebase project.
[info] You can create multiple project aliases by running firebase use --add, 
[info] but for now we'll just set up a default project.
[info] 
[debug] [2024-02-24T14:25:13.939Z] >>> [apiv2][query] GET https://firebase.googleapis.com/v1beta1/projects pageSize=100
[debug] [2024-02-24T14:25:14.809Z] <<< [apiv2][status] GET https://firebase.googleapis.com/v1beta1/projects 200
[debug] [2024-02-24T14:25:14.810Z] <<< [apiv2][body] GET https://firebase.googleapis.com/v1beta1/projects [omitted]
[info] i  Using project obras-7eb0b (obras) 
[info] 
=== Database Setup
[info] i  database: ensuring required API firebasedatabase.googleapis.com is enabled... 
[debug] [2024-02-24T14:25:18.813Z] >>> [apiv2][query] GET https://serviceusage.googleapis.com/v1/projects/obras-7eb0b/services/firebasedatabase.googleapis.com [none]
[debug] [2024-02-24T14:25:18.813Z] >>> [apiv2][(partial)header] GET https://serviceusage.googleapis.com/v1/projects/obras-7eb0b/services/firebasedatabase.googleapis.com x-goog-quota-user=projects/obras-7eb0b
[debug] [2024-02-24T14:25:20.476Z] <<< [apiv2][status] GET https://serviceusage.googleapis.com/v1/projects/obras-7eb0b/services/firebasedatabase.googleapis.com 200
[debug] [2024-02-24T14:25:20.476Z] <<< [apiv2][body] GET https://serviceusage.googleapis.com/v1/projects/obras-7eb0b/services/firebasedatabase.googleapis.com [omitted]
[warn] !  database: missing required API firebasedatabase.googleapis.com. Enabling now... 
[debug] [2024-02-24T14:25:20.477Z] >>> [apiv2][query] POST https://serviceusage.googleapis.com/v1/projects/obras-7eb0b/services/firebasedatabase.googleapis.com:enable [none]
[debug] [2024-02-24T14:25:20.477Z] >>> [apiv2][(partial)header] POST https://serviceusage.googleapis.com/v1/projects/obras-7eb0b/services/firebasedatabase.googleapis.com:enable x-goog-quota-user=projects/obras-7eb0b
[debug] [2024-02-24T14:25:22.059Z] <<< [apiv2][status] POST https://serviceusage.googleapis.com/v1/projects/obras-7eb0b/services/firebasedatabase.googleapis.com:enable 200
[debug] [2024-02-24T14:25:22.059Z] <<< [apiv2][body] POST https://serviceusage.googleapis.com/v1/projects/obras-7eb0b/services/firebasedatabase.googleapis.com:enable [omitted]
[debug] [2024-02-24T14:25:32.060Z] >>> [apiv2][query] GET https://serviceusage.googleapis.com/v1/projects/obras-7eb0b/services/firebasedatabase.googleapis.com [none]
[debug] [2024-02-24T14:25:32.061Z] >>> [apiv2][(partial)header] GET https://serviceusage.googleapis.com/v1/projects/obras-7eb0b/services/firebasedatabase.googleapis.com x-goog-quota-user=projects/obras-7eb0b
[debug] [2024-02-24T14:25:32.872Z] <<< [apiv2][status] GET https://serviceusage.googleapis.com/v1/projects/obras-7eb0b/services/firebasedatabase.googleapis.com 200
[debug] [2024-02-24T14:25:32.872Z] <<< [apiv2][body] GET https://serviceusage.googleapis.com/v1/projects/obras-7eb0b/services/firebasedatabase.googleapis.com [omitted]
[info] +  database: required API firebasedatabase.googleapis.com is enabled 
[info] 
[debug] [2024-02-24T14:25:32.875Z] >>> [apiv2][query] GET https://firebase.googleapis.com/v1beta1/projects/obras-7eb0b [none]
[debug] [2024-02-24T14:25:33.327Z] <<< [apiv2][status] GET https://firebase.googleapis.com/v1beta1/projects/obras-7eb0b 200
[debug] [2024-02-24T14:25:33.327Z] <<< [apiv2][body] GET https://firebase.googleapis.com/v1beta1/projects/obras-7eb0b {"projectId":"obras-7eb0b","projectNumber":"722535186211","displayName":"obras","name":"projects/obras-7eb0b","resources":{"hostingSite":"obras-7eb0b"},"state":"ACTIVE","etag":"1_341c82b2-3893-4000-a538-07d3296e2b70"}
